<?xml version="1.0" encoding="utf-8"?><testsuites name="pytest tests"><testsuite name="pytest" errors="0" failures="0" skipped="0" tests="16" time="8.616" timestamp="2026-07-21T13:13:55.927118+00:00" hostname="agent-env-e93d4f9f-9deb-4815-823e-e5c99b5acbcd"><testcase classname="tests.test_amenities_bookings.TestAmenityCRUD" name="test_list_amenities_admin" time="0.750" /><testcase classname="tests.test_amenities_bookings.TestAmenityCRUD" name="test_list_amenities_resident_active_only" time="1.359" /><testcase classname="tests.test_amenities_bookings.TestAmenityCRUD" name="test_patch_amenity" time="0.116" /><testcase classname="tests.test_amenities_bookings.TestSlots" name="test_slots_returns_grid" time="0.117" /><testcase classname="tests.test_amenities_bookings.TestBookings" name="test_create_booking_success" time="3.281" /><testcase classname="tests.test_amenities_bookings.TestBookings" name="test_create_booking_conflict_returns_409" time="0.152" /><testcase classname="tests.test_amenities_bookings.TestBookings" name="test_create_booking_past_date_rejected" time="0.196" /><testcase classname="tests.test_amenities_bookings.TestBookings" name="test_create_booking_outside_hours_rejected" time="0.101" /><testcase classname="tests.test_amenities_bookings.TestBookings" name="test_create_booking_start_after_end_rejected" time="0.100" /><testcase classname="tests.test_amenities_bookings.TestBookings" name="test_list_bookings_resident_sees_own" time="0.235" /><testcase classname="tests.test_amenities_bookings.TestBookings" name="test_resident_cannot_cancel_others_booking" time="1.002" /><testcase classname="tests.test_amenities_bookings.TestBookings" name="test_cancel_booking_and_email" time="0.118" /><testcase classname="tests.test_amenities_bookings.TestBookings" name="test_admin_booking_confirmation_and_cancel_emails" time="0.226" /><testcase classname="tests.test_amenities_bookings.TestBookings" name="test_delete_amenity_cancels_future_bookings" time="0.458" /><testcase classname="tests.test_amenities_bookings.TestStats" name="test_stats_includes_amenity_fields" time="0.105" /><testcase classname="tests.test_amenities_bookings.TestStats" name="test_stats_resident_includes_my_upcoming_bookings" time="0.227" /></testsuite></testsuites>