<?xml version="1.0" encoding="utf-8"?><testsuites name="pytest tests"><testsuite name="pytest" errors="0" failures="0" skipped="0" tests="9" time="1.761" timestamp="2026-07-21T13:29:15.279292+00:00" hostname="agent-env-e93d4f9f-9deb-4815-823e-e5c99b5acbcd"><testcase classname="tests.test_digest.TestDigestPreview" name="test_preview_admin_ok" time="0.488" /><testcase classname="tests.test_digest.TestDigestPreview" name="test_preview_forbidden_for_resident" time="0.429" /><testcase classname="tests.test_digest.TestDigestPreview" name="test_preview_forbidden_no_auth" time="0.099" /><testcase classname="tests.test_digest.TestDigestSend" name="test_send_admin" time="0.149" /><testcase classname="tests.test_digest.TestDigestSend" name="test_send_idempotent_second_call" time="0.219" /><testcase classname="tests.test_digest.TestDigestSend" name="test_send_forbidden_for_resident" time="0.114" /><testcase classname="tests.test_digest.TestDigestRuns" name="test_runs_admin" time="0.102" /><testcase classname="tests.test_digest.TestDigestRuns" name="test_runs_forbidden_for_resident" time="0.100" /><testcase classname="tests.test_digest.TestScheduler" name="test_scheduler_started_log" time="0.004" /></testsuite></testsuites>