<?xml version="1.0" encoding="utf-8"?><testsuites name="pytest tests"><testsuite name="pytest" errors="0" failures="0" skipped="0" tests="10" time="3.035" timestamp="2026-07-21T14:12:00.617724+00:00" hostname="agent-env-e93d4f9f-9deb-4815-823e-e5c99b5acbcd"><testcase classname="tests.test_society_directory_flats.TestSociety" name="test_get_society_as_admin" time="0.485" /><testcase classname="tests.test_society_directory_flats.TestSociety" name="test_get_society_as_resident" time="0.461" /><testcase classname="tests.test_society_directory_flats.TestSociety" name="test_patch_society_forbidden_for_resident" time="0.121" /><testcase classname="tests.test_society_directory_flats.TestSociety" name="test_patch_society_admin_and_verify" time="0.651" /><testcase classname="tests.test_society_directory_flats.TestDirectory" name="test_directory_admin" time="0.107" /><testcase classname="tests.test_society_directory_flats.TestDirectory" name="test_directory_resident" time="0.136" /><testcase classname="tests.test_society_directory_flats.TestDirectory" name="test_committee_endpoint" time="0.222" /><testcase classname="tests.test_society_directory_flats.TestFlatsSummary" name="test_flats_summary_shape" time="0.118" /><testcase classname="tests.test_society_directory_flats.TestFlatsSummary" name="test_flats_summary_resident_accessible" time="0.137" /><testcase classname="tests.test_society_directory_flats.TestComplaintEmail" name="test_status_change_emails_creator" time="0.526" /></testsuite></testsuites>