<?xml version="1.0" encoding="utf-8"?><testsuites name="pytest tests"><testsuite name="pytest" errors="0" failures="0" skipped="0" tests="12" time="3.656" timestamp="2026-07-21T14:36:54.288662+00:00" hostname="agent-env-e93d4f9f-9deb-4815-823e-e5c99b5acbcd"><testcase classname="tests.test_my_flat_utilities.TestUtilityConnections" name="test_list_own_flat" time="0.912" /><testcase classname="tests.test_my_flat_utilities.TestUtilityBills" name="test_resident_list_scoped" time="1.142" /><testcase classname="tests.test_my_flat_utilities.TestUtilityConnections" name="test_resident_cannot_access_other_flat" time="0.925" /><testcase classname="tests.test_my_flat_utilities.TestUtilityBills" name="test_admin_can_filter" time="0.635" /><testcase classname="tests.test_my_flat_utilities.TestUtilityBills" name="test_create_pay_delete_bill_with_connection_inherit" time="0.773" /><testcase classname="tests.test_my_flat_utilities.TestUtilityConnections" name="test_admin_can_access_any_flat" time="0.116" /><testcase classname="tests.test_my_flat_utilities.TestUtilityConnections" name="test_create_invalid_utility_type" time="0.134" /><testcase classname="tests.test_my_flat_utilities.TestUtilityConnections" name="test_create_patch_delete_connection" time="0.633" /><testcase classname="tests.test_my_flat_utilities.TestUtilityBills" name="test_invalid_utility_type_bill" time="0.127" /><testcase classname="tests.test_my_flat_utilities.TestMyFlat" name="test_resident_my_flat" time="0.197" /><testcase classname="tests.test_my_flat_utilities.TestMyFlat" name="test_admin_my_flat_no_flat" time="0.152" /><testcase classname="tests.test_my_flat_utilities.TestMyFlat" name="test_my_flat_unauth" time="0.098" /></testsuite></testsuites>