<?xml version="1.0" encoding="utf-8"?><testsuites name="pytest tests"><testsuite name="pytest" errors="0" failures="0" skipped="0" tests="28" time="7.055" timestamp="2026-07-21T17:55:48.825729+00:00" hostname="agent-env-e93d4f9f-9deb-4815-823e-e5c99b5acbcd"><testcase classname="tests.test_m416_followup.TestRegressionRoutes" name="test_get_staff" time="0.720" /><testcase classname="tests.test_m416_followup.TestDefaulterDunning" name="test_seed_defaulter_invoice" time="1.779" /><testcase classname="tests.test_m416_followup.TestRegressionRoutes" name="test_get_complaints" time="0.052" /><testcase classname="tests.test_m416_followup.TestRegressionRoutes" name="test_invoice_stats" time="0.058" /><testcase classname="tests.test_m416_followup.TestRegressionRoutes" name="test_expense_stats" time="0.055" /><testcase classname="tests.test_m416_followup.TestRegressionRoutes" name="test_auth_me" time="0.054" /><testcase classname="tests.test_m416_followup.TestRegressionRoutes" name="test_flats_list" time="0.054" /><testcase classname="tests.test_m416_followup.TestRegressionRoutes" name="test_invoices_list" time="0.075" /><testcase classname="tests.test_m416_followup.TestRegressionRoutes" name="test_expenses_list" time="0.054" /><testcase classname="tests.test_m416_followup.TestRegressionRoutes" name="test_amenities_list" time="0.054" /><testcase classname="tests.test_m416_followup.TestRegressionRoutes" name="test_announcements_list" time="0.062" /><testcase classname="tests.test_m416_followup.TestRegressionRoutes" name="test_stats_summary" time="0.059" /><testcase classname="tests.test_m416_followup.TestPartialPatchStaff" name="test_create_seed_staff" time="0.057" /><testcase classname="tests.test_m416_followup.TestPartialPatchStaff" name="test_patch_single_field_only" time="0.058" /><testcase classname="tests.test_m416_followup.TestPartialPatchStaff" name="test_patch_only_phone" time="0.056" /><testcase classname="tests.test_m416_followup.TestPartialPatchStaff" name="test_patch_empty_body_rejected" time="0.053" /><testcase classname="tests.test_m416_followup.TestPartialPatchStaff" name="test_cleanup" time="0.056" /><testcase classname="tests.test_m416_followup.TestRoundRobinAutoAssign" name="test_setup_three_staff_same_category" time="0.264" /><testcase classname="tests.test_m416_followup.TestDefaulterDunning" name="test_defaulter_appears_in_stats" time="0.052" /><testcase classname="tests.test_m416_followup.TestDefaulterDunning" name="test_remind_all_defaulters_empty_body" time="0.053" /><testcase classname="tests.test_m416_followup.TestDefaulterDunning" name="test_remind_specific_flat" time="0.052" /><testcase classname="tests.test_m416_followup.TestDefaulterDunning" name="test_remind_no_defaulters_when_no_targets" time="0.275" /><testcase classname="tests.test_m416_followup.TestRoundRobinAutoAssign" name="test_six_complaints_even_distribution" time="1.023" /><testcase classname="tests.test_m416_followup.TestDefaulterDunning" name="test_backend_log_shows_subject_attempt" time="3.001" /><testcase classname="tests.test_m416_followup.TestRoundRobinAutoAssign" name="test_last_auto_assigned_at_updated" time="0.050" /><testcase classname="tests.test_m416_followup.TestRoundRobinAutoAssign" name="test_cleanup" time="0.162" /><testcase classname="tests.test_m416_followup.TestDefaulterDunning" name="test_cleanup" time="0.049" /><testcase classname="tests.test_m416_followup.TestIsolationMovedRoutes" name="test_other_society_staff_isolated" time="1.430" /></testsuite></testsuites>