<?xml version="1.0" encoding="utf-8"?><testsuites name="pytest tests"><testsuite name="pytest" errors="0" failures="0" skipped="0" tests="9" time="2.579" timestamp="2026-07-22T07:55:56.928485+00:00" hostname="agent-env-e93d4f9f-9deb-4815-823e-e5c99b5acbcd"><testcase classname="tests.test_iter14_smoke" name="test_flats_returns_37" time="0.502" /><testcase classname="tests.test_iter14_smoke" name="test_invoices_penalty_and_total_due" time="0.118" /><testcase classname="tests.test_iter14_smoke" name="test_complaints_assigned_staff" time="0.098" /><testcase classname="tests.test_iter14_smoke" name="test_invoices_stats" time="0.103" /><testcase classname="tests.test_iter14_smoke" name="test_resident_post_complaint_auto_assigns_staff" time="0.411" /><testcase classname="tests.test_iter14_smoke" name="test_flats_summary" time="0.100" /><testcase classname="tests.test_iter14_smoke" name="test_directory_endpoint" time="0.190" /><testcase classname="tests.test_iter14_smoke" name="test_amenities_bookings_and_conflict" time="0.586" /><testcase classname="tests.test_iter14_smoke" name="test_master_list_societies_only_default" time="0.409" /></testsuite></testsuites>