<?xml version="1.0" encoding="utf-8"?><testsuites name="pytest tests"><testsuite name="pytest" errors="0" failures="0" skipped="0" tests="17" time="4.830" timestamp="2026-07-21T17:42:58.412999+00:00" hostname="agent-env-e93d4f9f-9deb-4815-823e-e5c99b5acbcd"><testcase classname="tests.test_staff_and_dashboards.TestComplaintAssignment" name="test_setup_staff_two_categories" time="0.646" /><testcase classname="tests.test_staff_and_dashboards.TestStaffCRUD" name="test_admin_create_staff" time="0.701" /><testcase classname="tests.test_staff_and_dashboards.TestStaffCRUD" name="test_list_staff_admin" time="0.066" /><testcase classname="tests.test_staff_and_dashboards.TestComplaintAssignment" name="test_resident_creates_complaint_autoassigned" time="0.603" /><testcase classname="tests.test_staff_and_dashboards.TestStaffCRUD" name="test_resident_can_list_staff" time="0.525" /><testcase classname="tests.test_staff_and_dashboards.TestComplaintAssignment" name="test_list_complaints_enriched" time="0.048" /><testcase classname="tests.test_staff_and_dashboards.TestStaffCRUD" name="test_resident_cannot_create_staff" time="0.085" /><testcase classname="tests.test_staff_and_dashboards.TestComplaintAssignment" name="test_manual_reassign" time="0.053" /><testcase classname="tests.test_staff_and_dashboards.TestComplaintAssignment" name="test_clear_assignment_via_empty_string" time="0.092" /><testcase classname="tests.test_staff_and_dashboards.TestStaffCRUD" name="test_patch_staff" time="0.048" /><testcase classname="tests.test_staff_and_dashboards.TestInvoiceReceiptAndStats" name="test_create_invoice_for_pay" time="0.368" /><testcase classname="tests.test_staff_and_dashboards.TestInvoiceReceiptAndStats" name="test_mark_paid_fires_receipt" time="2.591" /><testcase classname="tests.test_staff_and_dashboards.TestMultiTenantIsolation" name="test_create_new_society" time="0.985" /><testcase classname="tests.test_staff_and_dashboards.TestMultiTenantIsolation" name="test_staff_created_in_other_society_not_visible_in_default" time="0.437" /><testcase classname="tests.test_staff_and_dashboards.TestExpenseStats" name="test_expense_stats_shape" time="0.054" /><testcase classname="tests.test_staff_and_dashboards.TestInvoiceReceiptAndStats" name="test_double_pay_no_resend" time="0.051" /><testcase classname="tests.test_staff_and_dashboards.TestInvoiceReceiptAndStats" name="test_invoice_stats_shape" time="0.060" /></testsuite></testsuites>