<?xml version="1.0" encoding="utf-8"?><testsuites name="pytest tests"><testsuite name="pytest" errors="0" failures="0" skipped="0" tests="18" time="2.801" timestamp="2026-07-22T07:19:57.642763+00:00" hostname="agent-env-e93d4f9f-9deb-4815-823e-e5c99b5acbcd"><testcase classname="tests.test_multitenant_prefix.TestMasterConsole" name="test_session" time="0.432" /><testcase classname="tests.test_multitenant_prefix.TestMasterConsole" name="test_societies" time="0.052" /><testcase classname="tests.test_multitenant_prefix.TestMasterConsole" name="test_rollup" time="0.052" /><testcase classname="tests.test_multitenant_prefix.TestDefaultSocietyData" name="test_flats" time="0.372" /><testcase classname="tests.test_multitenant_prefix.TestDefaultSocietyData" name="test_users" time="0.045" /><testcase classname="tests.test_multitenant_prefix.TestDefaultSocietyData" name="test_invoices_with_penalty_fields" time="0.075" /><testcase classname="tests.test_multitenant_prefix.TestDefaultSocietyData" name="test_complaints" time="0.046" /><testcase classname="tests.test_multitenant_prefix.TestDefaultSocietyData" name="test_expenses" time="0.086" /><testcase classname="tests.test_multitenant_prefix.TestDefaultSocietyData" name="test_staff" time="0.046" /><testcase classname="tests.test_multitenant_prefix.TestDefaultSocietyData" name="test_dashboard" time="0.050" /><testcase classname="tests.test_multitenant_prefix.TestSocietyLifecycle" name="test_01_create_society" time="0.768" /><testcase classname="tests.test_multitenant_prefix.TestSocietyLifecycle" name="test_02_new_admin_login_and_isolation" time="0.415" /><testcase classname="tests.test_multitenant_prefix.TestSocietyLifecycle" name="test_03_isolation_default_cannot_see_new_flat" time="0.047" /><testcase classname="tests.test_multitenant_prefix.TestSocietyLifecycle" name="test_04_delete_society_drops_prefixed_collections" time="0.058" /><testcase classname="tests.test_multitenant_prefix.TestSocietyLifecycle" name="test_05_default_still_intact_after_delete" time="0.104" /><testcase classname="tests.test_multitenant_prefix.TestMongoLayoutSanity" name="test_shared_db_has_master_and_tenant_prefixes" time="0.001" /><testcase classname="tests.test_multitenant_prefix.TestMongoLayoutSanity" name="test_exactly_one_default_society" time="0.001" /><testcase classname="tests.test_multitenant_prefix" name="test_zzz_cleanup" time="0.002" /></testsuite></testsuites>