<?xml version="1.0" encoding="utf-8"?><testsuites name="pytest tests"><testsuite name="pytest" errors="0" failures="0" skipped="0" tests="13" time="2.831" timestamp="2026-07-21T18:12:51.892198+00:00" hostname="agent-env-e93d4f9f-9deb-4815-823e-e5c99b5acbcd"><testcase classname="tests.test_penalty.TestSocietyPenaltyPatch" name="test_set_penalty_fixed_valid" time="0.583" /><testcase classname="tests.test_penalty.TestSocietyPenaltyPatch" name="test_invalid_mode_400" time="0.056" /><testcase classname="tests.test_penalty.TestSocietyPenaltyPatch" name="test_negative_amount_400" time="0.089" /><testcase classname="tests.test_penalty.TestSocietyPenaltyPatch" name="test_negative_max_400" time="0.068" /><testcase classname="tests.test_penalty.TestInvoicePenaltyComputation" name="test_fixed_mode_penalty_applied_only_when_overdue" time="0.224" /><testcase classname="tests.test_penalty.TestInvoicePenaltyComputation" name="test_per_day_penalty_calculation" time="0.204" /><testcase classname="tests.test_penalty.TestInvoicePenaltyComputation" name="test_per_day_penalty_capped" time="0.240" /><testcase classname="tests.test_penalty.TestInvoicePenaltyComputation" name="test_disabled_yields_zero_but_keys_exist" time="0.221" /><testcase classname="tests.test_penalty.TestPayFreezesSnapshot" name="test_pay_freezes_and_returns_penalty" time="0.375" /><testcase classname="tests.test_penalty.TestInvoiceStats" name="test_stats_shape_and_penalty_config" time="0.219" /><testcase classname="tests.test_penalty.TestDunningEmailBody" name="test_remind_defaulters_endpoint" time="0.191" /><testcase classname="tests.test_penalty.TestRegressionDisabled" name="test_invoices_list_still_has_keys_when_disabled" time="0.132" /><testcase classname="tests.test_penalty.TestRegressionDisabled" name="test_stats_endpoint_still_works_disabled" time="0.086" /></testsuite></testsuites>