<?xml version="1.0" encoding="utf-8"?><testsuites name="pytest tests"><testsuite name="pytest" errors="0" failures="4" skipped="0" tests="172" time="78.337" timestamp="2026-07-22T07:53:30.545930+00:00" hostname="agent-env-e93d4f9f-9deb-4815-823e-e5c99b5acbcd"><testcase classname="tests.backend_test.TestPasswordReset" name="test_forgot_password_existing_returns_ok_and_logs_link" time="0.123" /><testcase classname="tests.backend_test.TestPasswordReset" name="test_forgot_password_unknown_still_ok" time="0.095" /><testcase classname="tests.backend_test.TestPasswordReset" name="test_reset_password_invalid_token" time="0.100" /><testcase classname="tests.backend_test.TestPasswordReset" name="test_reset_password_valid_then_login_then_restore" time="0.099"><failure message="AssertionError: reset failed: 400 {&quot;detail&quot;:&quot;Invalid or expired token&quot;}&#10;assert 400 == 200&#10; +  where 400 = &lt;Response [400]&gt;.status_code">E   AssertionError: reset failed: 400 {"detail":"Invalid or expired token"}
    assert 400 == 200
     +  where 400 = &lt;Response [400]&gt;.status_code</failure></testcase><testcase classname="tests.backend_test.TestCsvImport" name="test_flats_import_csv" time="0.419" /><testcase classname="tests.backend_test.TestCsvImport" name="test_users_import_csv_and_link_flat" time="0.753" /><testcase classname="tests.backend_test.TestNotifications" name="test_invoice_created_triggers_email" time="0.314" /><testcase classname="tests.backend_test.TestNotifications" name="test_complaint_status_change_triggers_email" time="0.209" /><testcase classname="tests.test_aggregation_refactor.TestStatsAdmin" name="test_stats_shape_and_totals" time="0.433" /><testcase classname="tests.test_aggregation_refactor.TestStatsAdmin" name="test_stats_totals_match_invoice_and_expense_data" time="0.371" /><testcase classname="tests.test_aggregation_refactor.TestStatsResident" name="test_resident_stats_has_my_fields" time="0.673" /><testcase classname="tests.test_aggregation_refactor.TestUsersFlatPopulation" name="test_users_have_flat_object_populated" time="0.102" /><testcase classname="tests.test_aggregation_refactor.TestDigestPreview" name="test_digest_preview_payload" time="0.100" /><testcase classname="tests.test_aggregation_refactor.TestDirectoryCommittee" name="test_directory_has_flat_label" time="0.094" /><testcase classname="tests.test_aggregation_refactor.TestDirectoryCommittee" name="test_committee_endpoint_ok" time="0.097" /><testcase classname="tests.test_aggregation_refactor.TestFlatsResidents" name="test_flats_have_residents_array" time="0.115" /><testcase classname="tests.test_aggregation_refactor.TestListEndpointsFlatPopulation" name="test_invoices_flat_populated" time="0.113" /><testcase classname="tests.test_aggregation_refactor.TestListEndpointsFlatPopulation" name="test_utility_bills_flat_populated" time="0.099" /><testcase classname="tests.test_aggregation_refactor.TestListEndpointsFlatPopulation" name="test_visitors_flat_populated" time="0.095" /><testcase classname="tests.test_amenities_bookings.TestAmenityCRUD" name="test_list_amenities_admin" time="0.519" /><testcase classname="tests.test_amenities_bookings.TestAmenityCRUD" name="test_list_amenities_resident_active_only" time="1.265" /><testcase classname="tests.test_amenities_bookings.TestAmenityCRUD" name="test_patch_amenity" time="0.100" /><testcase classname="tests.test_amenities_bookings.TestSlots" name="test_slots_returns_grid" time="0.101" /><testcase classname="tests.test_amenities_bookings.TestBookings" name="test_create_booking_success" time="3.229" /><testcase classname="tests.test_amenities_bookings.TestBookings" name="test_create_booking_conflict_returns_409" time="0.097" /><testcase classname="tests.test_amenities_bookings.TestBookings" name="test_create_booking_past_date_rejected" time="0.106" /><testcase classname="tests.test_amenities_bookings.TestBookings" name="test_create_booking_outside_hours_rejected" time="0.098" /><testcase classname="tests.test_amenities_bookings.TestBookings" name="test_create_booking_start_after_end_rejected" time="0.099" /><testcase classname="tests.test_amenities_bookings.TestBookings" name="test_list_bookings_resident_sees_own" time="0.206" /><testcase classname="tests.test_amenities_bookings.TestBookings" name="test_resident_cannot_cancel_others_booking" time="0.976" /><testcase classname="tests.test_amenities_bookings.TestBookings" name="test_cancel_booking_and_email" time="0.107" /><testcase classname="tests.test_amenities_bookings.TestBookings" name="test_admin_booking_confirmation_and_cancel_emails" time="0.207" /><testcase classname="tests.test_amenities_bookings.TestBookings" name="test_delete_amenity_cancels_future_bookings" time="0.416" /><testcase classname="tests.test_amenities_bookings.TestStats" name="test_stats_includes_amenity_fields" time="0.104" /><testcase classname="tests.test_amenities_bookings.TestStats" name="test_stats_resident_includes_my_upcoming_bookings" time="0.220" /><testcase classname="tests.test_digest.TestDigestPreview" name="test_preview_admin_ok" time="0.431" /><testcase classname="tests.test_digest.TestDigestPreview" name="test_preview_forbidden_for_resident" time="0.427" /><testcase classname="tests.test_digest.TestDigestPreview" name="test_preview_forbidden_no_auth" time="0.100" /><testcase classname="tests.test_digest.TestDigestSend" name="test_send_admin" time="0.102" /><testcase classname="tests.test_digest.TestDigestSend" name="test_send_idempotent_second_call" time="0.103" /><testcase classname="tests.test_digest.TestDigestSend" name="test_send_forbidden_for_resident" time="0.098" /><testcase classname="tests.test_digest.TestDigestRuns" name="test_runs_admin" time="0.093" /><testcase classname="tests.test_digest.TestDigestRuns" name="test_runs_forbidden_for_resident" time="0.098" /><testcase classname="tests.test_digest.TestScheduler" name="test_scheduler_started_log" time="0.004" /><testcase classname="tests.test_iter14_smoke" name="test_flats_returns_37" time="0.437"><failure message="AssertionError: Expected 37 flats, got 39&#10;assert 39 == 37&#10; +  where 39 = len([{'id': '34d85c8b-ddcf-447b-9afd-b2396b7d9448', 'block': 'A', 'number': '101', 'floor': '1', ...}, {'id': '1249aaed-30...oor': '2', ...}, {'id': 'fd9895a7-24d4-41ef-886b-4fbcb5b822d2', 'block': 'B', 'number': '303', 'floor': '3', ...}, ...])">E   AssertionError: Expected 37 flats, got 39
    assert 39 == 37
     +  where 39 = len([{'id': '34d85c8b-ddcf-447b-9afd-b2396b7d9448', 'block': 'A', 'number': '101', 'floor': '1', ...}, {'id': '1249aaed-30...oor': '2', ...}, {'id': 'fd9895a7-24d4-41ef-886b-4fbcb5b822d2', 'block': 'B', 'number': '303', 'floor': '3', ...}, ...])</failure></testcase><testcase classname="tests.test_iter14_smoke" name="test_invoices_penalty_and_total_due" time="0.115" /><testcase classname="tests.test_iter14_smoke" name="test_complaints_assigned_staff" time="0.101" /><testcase classname="tests.test_iter14_smoke" name="test_invoices_stats" time="0.098" /><testcase classname="tests.test_iter14_smoke" name="test_resident_post_complaint_auto_assigns_staff" time="0.425" /><testcase classname="tests.test_iter14_smoke" name="test_flats_summary" time="0.094" /><testcase classname="tests.test_iter14_smoke" name="test_directory_endpoint" time="0.192" /><testcase classname="tests.test_iter14_smoke" name="test_amenities_bookings_and_conflict" time="30.745" /><testcase classname="tests.test_iter14_smoke" name="test_master_list_societies_only_default" time="0.434" /><testcase classname="tests.test_m416_followup.TestRegressionRoutes" name="test_get_staff" time="0.367" /><testcase classname="tests.test_m416_followup.TestRegressionRoutes" name="test_get_complaints" time="0.047" /><testcase classname="tests.test_m416_followup.TestRegressionRoutes" name="test_invoice_stats" time="0.051" /><testcase classname="tests.test_m416_followup.TestRegressionRoutes" name="test_expense_stats" time="0.047" /><testcase classname="tests.test_m416_followup.TestRegressionRoutes" name="test_auth_me" time="0.045" /><testcase classname="tests.test_m416_followup.TestRegressionRoutes" name="test_flats_list" time="0.044" /><testcase classname="tests.test_m416_followup.TestRegressionRoutes" name="test_invoices_list" time="0.059" /><testcase classname="tests.test_m416_followup.TestRegressionRoutes" name="test_expenses_list" time="0.044" /><testcase classname="tests.test_m416_followup.TestRegressionRoutes" name="test_amenities_list" time="0.047" /><testcase classname="tests.test_m416_followup.TestRegressionRoutes" name="test_announcements_list" time="0.054" /><testcase classname="tests.test_m416_followup.TestRegressionRoutes" name="test_stats_summary" time="0.051" /><testcase classname="tests.test_m416_followup.TestPartialPatchStaff" name="test_create_seed_staff" time="0.045" /><testcase classname="tests.test_m416_followup.TestPartialPatchStaff" name="test_patch_single_field_only" time="0.047" /><testcase classname="tests.test_m416_followup.TestPartialPatchStaff" name="test_patch_only_phone" time="0.050" /><testcase classname="tests.test_m416_followup.TestPartialPatchStaff" name="test_patch_empty_body_rejected" time="0.044" /><testcase classname="tests.test_m416_followup.TestPartialPatchStaff" name="test_cleanup" time="0.045" /><testcase classname="tests.test_m416_followup.TestRoundRobinAutoAssign" name="test_setup_three_staff_same_category" time="0.275" /><testcase classname="tests.test_m416_followup.TestRoundRobinAutoAssign" name="test_six_complaints_even_distribution" time="0.911" /><testcase classname="tests.test_m416_followup.TestRoundRobinAutoAssign" name="test_last_auto_assigned_at_updated" time="0.046" /><testcase classname="tests.test_m416_followup.TestRoundRobinAutoAssign" name="test_cleanup" time="0.138" /><testcase classname="tests.test_m416_followup.TestDefaulterDunning" name="test_seed_defaulter_invoice" time="0.791" /><testcase classname="tests.test_m416_followup.TestDefaulterDunning" name="test_defaulter_appears_in_stats" time="0.062" /><testcase classname="tests.test_m416_followup.TestDefaulterDunning" name="test_remind_all_defaulters_empty_body" time="0.051" /><testcase classname="tests.test_m416_followup.TestDefaulterDunning" name="test_remind_specific_flat" time="0.061" /><testcase classname="tests.test_m416_followup.TestDefaulterDunning" name="test_remind_no_defaulters_when_no_targets" time="0.051" /><testcase classname="tests.test_m416_followup.TestDefaulterDunning" name="test_backend_log_shows_subject_attempt" time="3.001" /><testcase classname="tests.test_m416_followup.TestDefaulterDunning" name="test_cleanup" time="0.045" /><testcase classname="tests.test_m416_followup.TestIsolationMovedRoutes" name="test_other_society_staff_isolated" time="1.638" /><testcase classname="tests.test_master_multitenant" name="test_master_login_kind" time="0.316" /><testcase classname="tests.test_master_multitenant" name="test_default_admin_login_kind" time="0.316" /><testcase classname="tests.test_master_multitenant" name="test_master_auth_me_401_ignored" time="0.418"><failure message="AssertionError: got 200: {&quot;id&quot;:&quot;392383d6-a93a-430f-8565-158c89f606c5&quot;,&quot;email&quot;:&quot;master@maintyn.in&quot;,&quot;name&quot;:&quot;Maintyn Support&quot;,&quot;role&quot;:&quot;super_admin&quot;,&quot;is_active&quot;:true,&quot;created_at&quot;:&quot;2026-07-22T07:07:03.479008+00:00&quot;,&quot;kind&quot;:&quot;master&quot;}&#10;assert 200 in (401, 403)&#10; +  where 200 = &lt;Response [200]&gt;.status_code">E   AssertionError: got 200: {"id":"392383d6-a93a-430f-8565-158c89f606c5","email":"master@maintyn.in","name":"Maintyn Support","role":"super_admin","is_active":true,"created_at":"2026-07-22T07:07:03.479008+00:00","kind":"master"}
    assert 200 in (401, 403)
     +  where 200 = &lt;Response [200]&gt;.status_code</failure></testcase><testcase classname="tests.test_master_multitenant" name="test_master_session_works" time="0.095" /><testcase classname="tests.test_master_multitenant" name="test_default_society_preserved" time="0.519" /><testcase classname="tests.test_master_multitenant" name="test_master_list_societies" time="0.101" /><testcase classname="tests.test_master_multitenant" name="test_master_rollup" time="0.102" /><testcase classname="tests.test_master_multitenant" name="test_support_cannot_create_society" time="0.727" /><testcase classname="tests.test_master_multitenant" name="test_new_society_admin_login_isolated" time="1.368" /><testcase classname="tests.test_master_multitenant" name="test_suspend_and_restore" time="0.602" /><testcase classname="tests.test_master_multitenant" name="test_impersonate" time="0.194" /><testcase classname="tests.test_master_multitenant" name="test_cannot_delete_default" time="0.206" /><testcase classname="tests.test_master_multitenant" name="test_default_admin_isolation" time="0.098" /><testcase classname="tests.test_master_multitenant" name="test_master_users_crud" time="0.622" /><testcase classname="tests.test_master_multitenant" name="test_master_cannot_delete_self" time="0.403" /><testcase classname="tests.test_multitenant_prefix.TestMasterConsole" name="test_session" time="0.365" /><testcase classname="tests.test_multitenant_prefix.TestMasterConsole" name="test_societies" time="0.050" /><testcase classname="tests.test_multitenant_prefix.TestMasterConsole" name="test_rollup" time="0.053" /><testcase classname="tests.test_multitenant_prefix.TestDefaultSocietyData" name="test_flats" time="0.367" /><testcase classname="tests.test_multitenant_prefix.TestDefaultSocietyData" name="test_users" time="0.047" /><testcase classname="tests.test_multitenant_prefix.TestDefaultSocietyData" name="test_invoices_with_penalty_fields" time="0.062" /><testcase classname="tests.test_multitenant_prefix.TestDefaultSocietyData" name="test_complaints" time="0.046" /><testcase classname="tests.test_multitenant_prefix.TestDefaultSocietyData" name="test_expenses" time="0.047" /><testcase classname="tests.test_multitenant_prefix.TestDefaultSocietyData" name="test_staff" time="0.046" /><testcase classname="tests.test_multitenant_prefix.TestDefaultSocietyData" name="test_dashboard" time="0.050" /><testcase classname="tests.test_multitenant_prefix.TestSocietyLifecycle" name="test_01_create_society" time="0.748" /><testcase classname="tests.test_multitenant_prefix.TestSocietyLifecycle" name="test_02_new_admin_login_and_isolation" time="0.418" /><testcase classname="tests.test_multitenant_prefix.TestSocietyLifecycle" name="test_03_isolation_default_cannot_see_new_flat" time="0.046" /><testcase classname="tests.test_multitenant_prefix.TestSocietyLifecycle" name="test_04_delete_society_drops_prefixed_collections" time="0.058" /><testcase classname="tests.test_multitenant_prefix.TestSocietyLifecycle" name="test_05_default_still_intact_after_delete" time="0.117" /><testcase classname="tests.test_multitenant_prefix.TestMongoLayoutSanity" name="test_shared_db_has_master_and_tenant_prefixes" time="0.001" /><testcase classname="tests.test_multitenant_prefix.TestMongoLayoutSanity" name="test_exactly_one_default_society" time="0.001" /><testcase classname="tests.test_multitenant_prefix" name="test_zzz_cleanup" time="0.008" /><testcase classname="tests.test_my_flat_utilities.TestMyFlat" name="test_resident_my_flat" time="0.448" /><testcase classname="tests.test_my_flat_utilities.TestMyFlat" name="test_admin_my_flat_no_flat" time="0.422" /><testcase classname="tests.test_my_flat_utilities.TestMyFlat" name="test_my_flat_unauth" time="0.100" /><testcase classname="tests.test_my_flat_utilities.TestUtilityConnections" name="test_list_own_flat" time="0.217" /><testcase classname="tests.test_my_flat_utilities.TestUtilityConnections" name="test_resident_cannot_access_other_flat" time="0.199" /><testcase classname="tests.test_my_flat_utilities.TestUtilityConnections" name="test_admin_can_access_any_flat" time="0.102" /><testcase classname="tests.test_my_flat_utilities.TestUtilityConnections" name="test_create_invalid_utility_type" time="0.099" /><testcase classname="tests.test_my_flat_utilities.TestUtilityConnections" name="test_create_patch_delete_connection" time="0.494" /><testcase classname="tests.test_my_flat_utilities.TestUtilityBills" name="test_resident_list_scoped" time="0.201" /><testcase classname="tests.test_my_flat_utilities.TestUtilityBills" name="test_admin_can_filter" time="0.109" /><testcase classname="tests.test_my_flat_utilities.TestUtilityBills" name="test_create_pay_delete_bill_with_connection_inherit" time="0.604" /><testcase classname="tests.test_my_flat_utilities.TestUtilityBills" name="test_invalid_utility_type_bill" time="0.094" /><testcase classname="tests.test_penalty.TestSocietyPenaltyPatch" name="test_set_penalty_fixed_valid" time="0.412" /><testcase classname="tests.test_penalty.TestSocietyPenaltyPatch" name="test_invalid_mode_400" time="0.051" /><testcase classname="tests.test_penalty.TestSocietyPenaltyPatch" name="test_negative_amount_400" time="0.051" /><testcase classname="tests.test_penalty.TestSocietyPenaltyPatch" name="test_negative_max_400" time="0.043" /><testcase classname="tests.test_penalty.TestInvoicePenaltyComputation" name="test_fixed_mode_penalty_applied_only_when_overdue" time="0.158" /><testcase classname="tests.test_penalty.TestInvoicePenaltyComputation" name="test_per_day_penalty_calculation" time="0.151" /><testcase classname="tests.test_penalty.TestInvoicePenaltyComputation" name="test_per_day_penalty_capped" time="0.152" /><testcase classname="tests.test_penalty.TestInvoicePenaltyComputation" name="test_disabled_yields_zero_but_keys_exist" time="0.148" /><testcase classname="tests.test_penalty.TestPayFreezesSnapshot" name="test_pay_freezes_and_returns_penalty" time="0.270" /><testcase classname="tests.test_penalty.TestInvoiceStats" name="test_stats_shape_and_penalty_config" time="0.148" /><testcase classname="tests.test_penalty.TestDunningEmailBody" name="test_remind_defaulters_endpoint" time="0.150" /><testcase classname="tests.test_penalty.TestRegressionDisabled" name="test_invoices_list_still_has_keys_when_disabled" time="0.102" /><testcase classname="tests.test_penalty.TestRegressionDisabled" name="test_stats_endpoint_still_works_disabled" time="0.047" /><testcase classname="tests.test_society_directory_flats.TestSociety" name="test_get_society_as_admin" time="0.540" /><testcase classname="tests.test_society_directory_flats.TestSociety" name="test_get_society_as_resident" time="0.444" /><testcase classname="tests.test_society_directory_flats.TestSociety" name="test_patch_society_forbidden_for_resident" time="0.094" /><testcase classname="tests.test_society_directory_flats.TestSociety" name="test_patch_society_admin_and_verify" time="0.493" /><testcase classname="tests.test_society_directory_flats.TestDirectory" name="test_directory_admin" time="0.097" /><testcase classname="tests.test_society_directory_flats.TestDirectory" name="test_directory_resident" time="0.101" /><testcase classname="tests.test_society_directory_flats.TestDirectory" name="test_committee_endpoint" time="0.211" /><testcase classname="tests.test_society_directory_flats.TestFlatsSummary" name="test_flats_summary_shape" time="0.098" /><testcase classname="tests.test_society_directory_flats.TestFlatsSummary" name="test_flats_summary_resident_accessible" time="0.103" /><testcase classname="tests.test_society_directory_flats.TestComplaintEmail" name="test_status_change_emails_creator" time="0.315" /><testcase classname="tests.test_society_invoice_payment.TestSocietyGet" name="test_get_society_returns_new_fields" time="0.426" /><testcase classname="tests.test_society_invoice_payment.TestSocietyPatchAuth" name="test_resident_forbidden" time="0.423" /><testcase classname="tests.test_society_invoice_payment.TestSocietyPatchFields" name="test_admin_can_patch_new_fields" time="0.107" /><testcase classname="tests.test_society_invoice_payment.TestSocietyPatchFields" name="test_empty_string_clears_field" time="0.308" /><testcase classname="tests.test_society_invoice_payment.TestFileUploadDownload" name="test_upload_png_and_download" time="0.550"><failure message="assert 404 == 200&#10; +  where 404 = &lt;Response [404]&gt;.status_code">E   assert 404 == 200
     +  where 404 = &lt;Response [404]&gt;.status_code</failure></testcase><testcase classname="tests.test_society_invoice_payment.TestFileUploadDownload" name="test_download_unauth" time="0.097" /><testcase classname="tests.test_staff_and_dashboards.TestStaffCRUD" name="test_admin_create_staff" time="0.378" /><testcase classname="tests.test_staff_and_dashboards.TestStaffCRUD" name="test_list_staff_admin" time="0.048" /><testcase classname="tests.test_staff_and_dashboards.TestStaffCRUD" name="test_resident_can_list_staff" time="0.379" /><testcase classname="tests.test_staff_and_dashboards.TestStaffCRUD" name="test_resident_cannot_create_staff" time="0.047" /><testcase classname="tests.test_staff_and_dashboards.TestStaffCRUD" name="test_patch_staff" time="0.053" /><testcase classname="tests.test_staff_and_dashboards.TestComplaintAssignment" name="test_setup_staff_two_categories" time="0.098" /><testcase classname="tests.test_staff_and_dashboards.TestComplaintAssignment" name="test_resident_creates_complaint_autoassigned" time="0.052" /><testcase classname="tests.test_staff_and_dashboards.TestComplaintAssignment" name="test_list_complaints_enriched" time="0.055" /><testcase classname="tests.test_staff_and_dashboards.TestComplaintAssignment" name="test_manual_reassign" time="0.052" /><testcase classname="tests.test_staff_and_dashboards.TestComplaintAssignment" name="test_clear_assignment_via_empty_string" time="0.050" /><testcase classname="tests.test_staff_and_dashboards.TestInvoiceReceiptAndStats" name="test_create_invoice_for_pay" time="0.101" /><testcase classname="tests.test_staff_and_dashboards.TestInvoiceReceiptAndStats" name="test_mark_paid_fires_receipt" time="2.553" /><testcase classname="tests.test_staff_and_dashboards.TestInvoiceReceiptAndStats" name="test_double_pay_no_resend" time="0.052" /><testcase classname="tests.test_staff_and_dashboards.TestInvoiceReceiptAndStats" name="test_invoice_stats_shape" time="0.052" /><testcase classname="tests.test_staff_and_dashboards.TestExpenseStats" name="test_expense_stats_shape" time="0.053" /><testcase classname="tests.test_staff_and_dashboards.TestMultiTenantIsolation" name="test_create_new_society" time="1.148" /><testcase classname="tests.test_staff_and_dashboards.TestMultiTenantIsolation" name="test_staff_created_in_other_society_not_visible_in_default" time="0.414" /></testsuite></testsuites>