<?xml version="1.0" encoding="utf-8"?><testsuites name="pytest tests"><testsuite name="pytest" errors="0" failures="1" skipped="0" tests="15" time="7.046" timestamp="2026-07-21T16:49:13.242487+00:00" hostname="agent-env-e93d4f9f-9deb-4815-823e-e5c99b5acbcd"><testcase classname="tests.test_master_multitenant" name="test_master_login_kind" time="0.602" /><testcase classname="tests.test_master_multitenant" name="test_default_admin_login_kind" time="0.353" /><testcase classname="tests.test_master_multitenant" name="test_master_auth_me_401_ignored" time="0.501"><failure message="AssertionError: got 200: {&quot;id&quot;:&quot;a98b35e1-8575-452d-a924-8a34ec3531c5&quot;,&quot;email&quot;:&quot;master@maintyn.in&quot;,&quot;name&quot;:&quot;Maintyn Support&quot;,&quot;role&quot;:&quot;super_admin&quot;,&quot;is_active&quot;:true,&quot;created_at&quot;:&quot;2026-07-21T16:41:42.390405+00:00&quot;,&quot;kind&quot;:&quot;master&quot;}&#10;assert 200 in (401, 403)&#10; +  where 200 = &lt;Response [200]&gt;.status_code">backend/tests/test_master_multitenant.py:67: in test_master_auth_me_401_ignored
    assert r.status_code in (401, 403), f"got {r.status_code}: {r.text[:200]}"
E   AssertionError: got 200: {"id":"a98b35e1-8575-452d-a924-8a34ec3531c5","email":"master@maintyn.in","name":"Maintyn Support","role":"super_admin","is_active":true,"created_at":"2026-07-21T16:41:42.390405+00:00","kind":"master"}
E   assert 200 in (401, 403)
E    +  where 200 = &lt;Response [200]&gt;.status_code</failure></testcase><testcase classname="tests.test_master_multitenant" name="test_master_session_works" time="0.164" /><testcase classname="tests.test_master_multitenant" name="test_default_society_preserved" time="0.686" /><testcase classname="tests.test_master_multitenant" name="test_master_list_societies" time="0.140" /><testcase classname="tests.test_master_multitenant" name="test_master_rollup" time="0.108" /><testcase classname="tests.test_master_multitenant" name="test_support_cannot_create_society" time="0.810" /><testcase classname="tests.test_master_multitenant" name="test_new_society_admin_login_isolated" time="1.192" /><testcase classname="tests.test_master_multitenant" name="test_suspend_and_restore" time="0.656" /><testcase classname="tests.test_master_multitenant" name="test_impersonate" time="0.262" /><testcase classname="tests.test_master_multitenant" name="test_cannot_delete_default" time="0.242" /><testcase classname="tests.test_master_multitenant" name="test_default_admin_isolation" time="0.129" /><testcase classname="tests.test_master_multitenant" name="test_master_users_crud" time="0.677" /><testcase classname="tests.test_master_multitenant" name="test_master_cannot_delete_self" time="0.430" /></testsuite></testsuites>