<?xml version="1.0" encoding="utf-8"?><testsuites name="pytest tests"><testsuite name="pytest" errors="0" failures="0" skipped="0" tests="8" time="3.249" timestamp="2026-07-21T10:10:14.116210+00:00" hostname="agent-env-e93d4f9f-9deb-4815-823e-e5c99b5acbcd"><testcase classname="tests.backend_test.TestPasswordReset" name="test_forgot_password_existing_returns_ok_and_logs_link" time="0.169" /><testcase classname="tests.backend_test.TestPasswordReset" name="test_forgot_password_unknown_still_ok" time="0.286" /><testcase classname="tests.backend_test.TestCsvImport" name="test_flats_import_csv" time="0.559" /><testcase classname="tests.backend_test.TestPasswordReset" name="test_reset_password_invalid_token" time="0.096" /><testcase classname="tests.backend_test.TestPasswordReset" name="test_reset_password_valid_then_login_then_restore" time="1.778" /><testcase classname="tests.backend_test.TestCsvImport" name="test_users_import_csv_and_link_flat" time="1.448" /><testcase classname="tests.backend_test.TestNotifications" name="test_invoice_created_triggers_email" time="0.524" /><testcase classname="tests.backend_test.TestNotifications" name="test_complaint_status_change_triggers_email" time="0.205" /></testsuite></testsuites>