<?xml version="1.0" encoding="utf-8"?><testsuites name="pytest tests"><testsuite name="pytest" errors="0" failures="3" skipped="0" tests="6" time="2.870" timestamp="2026-07-21T15:19:33.466235+00:00" hostname="agent-env-e93d4f9f-9deb-4815-823e-e5c99b5acbcd"><testcase classname="tests.test_society_invoice_payment.TestFileUploadDownload" name="test_upload_png_and_download" time="1.730"><failure message="assert 422 == 200&#10; +  where 422 = &lt;Response [422]&gt;.status_code">backend/tests/test_society_invoice_payment.py:115: in test_upload_png_and_download
    assert p.status_code == 200
E   assert 422 == 200
E    +  where 422 = &lt;Response [422]&gt;.status_code</failure></testcase><testcase classname="tests.test_society_invoice_payment.TestSocietyPatchFields" name="test_admin_can_patch_new_fields" time="1.231" /><testcase classname="tests.test_society_invoice_payment.TestSocietyPatchFields" name="test_empty_string_clears_field" time="0.519"><failure message="assert 422 == 200&#10; +  where 422 = &lt;Response [422]&gt;.status_code">backend/tests/test_society_invoice_payment.py:87: in test_empty_string_clears_field
    assert r.status_code == 200
E   assert 422 == 200
E    +  where 422 = &lt;Response [422]&gt;.status_code</failure></testcase><testcase classname="tests.test_society_invoice_payment.TestFileUploadDownload" name="test_download_unauth" time="0.121" /><testcase classname="tests.test_society_invoice_payment.TestSocietyGet" name="test_get_society_returns_new_fields" time="0.153"><failure message="AssertionError: Missing key logo_file_id in society response&#10;assert 'logo_file_id' in {'id': 'singleton', 'name': 'Green Valley Residency', 'address': 'Sector 5, Old Airport Road', 'city': 'Bengaluru', ...}">backend/tests/test_society_invoice_payment.py:55: in test_get_society_returns_new_fields
    assert key in data, f"Missing key {key} in society response"
E   AssertionError: Missing key logo_file_id in society response
E   assert 'logo_file_id' in {'id': 'singleton', 'name': 'Green Valley Residency', 'address': 'Sector 5, Old Airport Road', 'city': 'Bengaluru', ...}</failure></testcase><testcase classname="tests.test_society_invoice_payment.TestSocietyPatchAuth" name="test_resident_forbidden" time="0.703" /></testsuite></testsuites>